Starting training for 50 epochs on device=cuda
[Epoch 1] train: 100%|██████████████████████| 4620/4620 [07:25<00:00, 10.38it/s]
[Epoch 1/50] train_loss=1.7451  val_loss=1.6092  val_acc=0.3581  test_acc=0.3614  (499.2s)
/opt/conda/lib/python3.8/site-packages/torch/nn/modules/module.py:1402: UserWarning: positional arguments and argument "destination" are deprecated. nn.Module.state_dict will not accept them in the future. Refer to https://pytorch.org/docs/master/generated/torch.nn.Module.html#torch.nn.Module.state_dict for details.
  warnings.warn(
→ New best model saved (val_loss=1.6092)

[Epoch 2] train: 100%|██████████████████████| 4620/4620 [07:20<00:00, 10.48it/s]
[Epoch 2/50] train_loss=1.6060  val_loss=1.4771  val_acc=0.4123  test_acc=0.4168  (494.5s)
→ New best model saved (val_loss=1.4771)

[Epoch 3] train: 100%|██████████████████████| 4620/4620 [07:12<00:00, 10.68it/s]
[Epoch 3/50] train_loss=1.5315  val_loss=1.4421  val_acc=0.4253  test_acc=0.4254  (485.2s)
→ New best model saved (val_loss=1.4421)

[Epoch 4] train: 100%|██████████████████████| 4620/4620 [07:10<00:00, 10.73it/s]
[Epoch 4/50] train_loss=1.4797  val_loss=1.4228  val_acc=0.4478  test_acc=0.4443  (483.3s)
→ New best model saved (val_loss=1.4228)

[Epoch 5] train: 100%|██████████████████████| 4620/4620 [07:13<00:00, 10.66it/s]
[Epoch 5/50] train_loss=1.4393  val_loss=1.3323  val_acc=0.4772  test_acc=0.4724  (484.9s)
→ New best model saved (val_loss=1.3323)

[Epoch 6] train: 100%|██████████████████████| 4620/4620 [07:12<00:00, 10.67it/s]
[Epoch 6/50] train_loss=1.4027  val_loss=1.3249  val_acc=0.4882  test_acc=0.4787  (485.7s)
→ New best model saved (val_loss=1.3249)

[Epoch 7] train: 100%|██████████████████████| 4620/4620 [07:11<00:00, 10.70it/s]
[Epoch 7/50] train_loss=1.3677  val_loss=1.2610  val_acc=0.5098  test_acc=0.5038  (487.8s)
→ New best model saved (val_loss=1.2610)

[Epoch 8] train: 100%|██████████████████████| 4620/4620 [07:00<00:00, 10.98it/s]
[Epoch 8/50] train_loss=1.3416  val_loss=1.2284  val_acc=0.5249  test_acc=0.5222  (474.7s)
→ New best model saved (val_loss=1.2284)

[Epoch 9] train: 100%|██████████████████████| 4620/4620 [07:00<00:00, 10.98it/s]
[Epoch 9/50] train_loss=1.3148  val_loss=1.2041  val_acc=0.5254  test_acc=0.5326  (475.5s)
→ New best model saved (val_loss=1.2041)

[Epoch 10] train: 100%|█████████████████████| 4620/4620 [07:01<00:00, 10.97it/s]
[Epoch 10/50] train_loss=1.2890  val_loss=1.1979  val_acc=0.5429  test_acc=0.5364  (476.0s)
→ New best model saved (val_loss=1.1979)

[Epoch 11] train: 100%|█████████████████████| 4620/4620 [07:01<00:00, 10.97it/s]
[Epoch 11/50] train_loss=1.2659  val_loss=1.1634  val_acc=0.5552  test_acc=0.5506  (476.2s)
→ New best model saved (val_loss=1.1634)

[Epoch 12] train: 100%|█████████████████████| 4620/4620 [07:00<00:00, 10.98it/s]
[Epoch 12/50] train_loss=1.2423  val_loss=1.1879  val_acc=0.5425  test_acc=0.5331  (476.8s)
[Epoch 13] train: 100%|█████████████████████| 4620/4620 [07:00<00:00, 10.98it/s]
[Epoch 13/50] train_loss=1.2221  val_loss=1.1179  val_acc=0.5729  test_acc=0.5595  (476.8s)
→ New best model saved (val_loss=1.1179)

[Epoch 14] train: 100%|█████████████████████| 4620/4620 [07:00<00:00, 10.98it/s]
[Epoch 14/50] train_loss=1.2027  val_loss=1.1095  val_acc=0.5756  test_acc=0.5684  (474.7s)
→ New best model saved (val_loss=1.1095)

[Epoch 15] train: 100%|█████████████████████| 4620/4620 [07:02<00:00, 10.93it/s]
[Epoch 15/50] train_loss=1.1797  val_loss=1.1111  val_acc=0.5819  test_acc=0.5789  (477.0s)
[Epoch 16] train: 100%|█████████████████████| 4620/4620 [07:04<00:00, 10.89it/s]
[Epoch 16/50] train_loss=1.1658  val_loss=1.1137  val_acc=0.5727  test_acc=0.5764  (479.8s)
[Epoch 17] train: 100%|█████████████████████| 4620/4620 [07:00<00:00, 10.98it/s]
[Epoch 17/50] train_loss=1.1475  val_loss=1.1456  val_acc=0.5592  test_acc=0.5547  (476.5s)
[Epoch 18] train: 100%|█████████████████████| 4620/4620 [07:00<00:00, 10.99it/s]
[Epoch 18/50] train_loss=1.1303  val_loss=1.0839  val_acc=0.5931  test_acc=0.5910  (473.3s)
→ New best model saved (val_loss=1.0839)

[Epoch 19] train: 100%|█████████████████████| 4620/4620 [07:16<00:00, 10.58it/s]
[Epoch 19/50] train_loss=1.1143  val_loss=1.0388  val_acc=0.6052  test_acc=0.6021  (491.0s)
→ New best model saved (val_loss=1.0388)

[Epoch 20] train: 100%|█████████████████████| 4620/4620 [08:01<00:00,  9.59it/s]
[Epoch 20/50] train_loss=1.0995  val_loss=1.0178  val_acc=0.6167  test_acc=0.6022  (539.2s)
→ New best model saved (val_loss=1.0178)

[Epoch 21] train: 100%|█████████████████████| 4620/4620 [07:36<00:00, 10.12it/s]
[Epoch 21/50] train_loss=1.0838  val_loss=1.0579  val_acc=0.6050  test_acc=0.5974  (510.2s)
[Epoch 22] train: 100%|█████████████████████| 4620/4620 [08:07<00:00,  9.48it/s]
[Epoch 22/50] train_loss=1.0684  val_loss=1.0211  val_acc=0.6121  test_acc=0.6158  (543.1s)
[Epoch 23] train: 100%|█████████████████████| 4620/4620 [08:09<00:00,  9.43it/s]
[Epoch 23/50] train_loss=1.0540  val_loss=0.9575  val_acc=0.6354  test_acc=0.6310  (546.1s)
→ New best model saved (val_loss=0.9575)

[Epoch 24] train: 100%|█████████████████████| 4620/4620 [08:17<00:00,  9.28it/s]
[Epoch 24/50] train_loss=1.0387  val_loss=0.9794  val_acc=0.6293  test_acc=0.6208  (554.3s)
[Epoch 25] train: 100%|█████████████████████| 4620/4620 [08:13<00:00,  9.35it/s]
[Epoch 25/50] train_loss=1.0256  val_loss=0.9675  val_acc=0.6344  test_acc=0.6341  (548.6s)
[Epoch 26] train: 100%|█████████████████████| 4620/4620 [08:18<00:00,  9.27it/s]
[Epoch 26/50] train_loss=1.0043  val_loss=0.9717  val_acc=0.6302  test_acc=0.6256  (556.2s)
[Epoch 27] train: 100%|█████████████████████| 4620/4620 [07:57<00:00,  9.67it/s]
[Epoch 27/50] train_loss=0.9896  val_loss=0.9392  val_acc=0.6462  test_acc=0.6434  (533.6s)
→ New best model saved (val_loss=0.9392)

[Epoch 28] train: 100%|█████████████████████| 4620/4620 [07:28<00:00, 10.30it/s]
[Epoch 28/50] train_loss=0.9778  val_loss=0.9497  val_acc=0.6389  test_acc=0.6314  (503.6s)
[Epoch 29] train: 100%|█████████████████████| 4620/4620 [07:26<00:00, 10.34it/s]
[Epoch 29/50] train_loss=0.9629  val_loss=0.9621  val_acc=0.6356  test_acc=0.6411  (502.5s)
[Epoch 30] train: 100%|█████████████████████| 4620/4620 [07:25<00:00, 10.37it/s]
[Epoch 30/50] train_loss=0.9466  val_loss=0.9058  val_acc=0.6532  test_acc=0.6555  (500.9s)
→ New best model saved (val_loss=0.9058)

[Epoch 31] train: 100%|█████████████████████| 4620/4620 [07:50<00:00,  9.81it/s]
[Epoch 31/50] train_loss=0.9318  val_loss=0.8888  val_acc=0.6623  test_acc=0.6649  (524.9s)
→ New best model saved (val_loss=0.8888)

[Epoch 32] train: 100%|█████████████████████| 4620/4620 [07:55<00:00,  9.72it/s]
[Epoch 32/50] train_loss=0.9217  val_loss=0.8846  val_acc=0.6669  test_acc=0.6637  (530.0s)
→ New best model saved (val_loss=0.8846)

[Epoch 33] train: 100%|█████████████████████| 4620/4620 [07:53<00:00,  9.75it/s]
[Epoch 33/50] train_loss=0.9019  val_loss=0.9063  val_acc=0.6607  test_acc=0.6553  (528.3s)
[Epoch 34] train: 100%|█████████████████████| 4620/4620 [07:58<00:00,  9.65it/s]
[Epoch 34/50] train_loss=0.8874  val_loss=0.8680  val_acc=0.6744  test_acc=0.6697  (535.0s)
→ New best model saved (val_loss=0.8680)

[Epoch 35] train: 100%|█████████████████████| 4620/4620 [07:53<00:00,  9.76it/s]
[Epoch 35/50] train_loss=0.8727  val_loss=0.8728  val_acc=0.6705  test_acc=0.6682  (528.5s)
[Epoch 36] train: 100%|█████████████████████| 4620/4620 [07:54<00:00,  9.74it/s]
[Epoch 36/50] train_loss=0.8527  val_loss=0.8567  val_acc=0.6818  test_acc=0.6749  (529.8s)
→ New best model saved (val_loss=0.8567)

[Epoch 37] train: 100%|█████████████████████| 4620/4620 [07:57<00:00,  9.67it/s]
[Epoch 37/50] train_loss=0.8432  val_loss=0.8406  val_acc=0.6834  test_acc=0.6818  (534.7s)
→ New best model saved (val_loss=0.8406)

[Epoch 38] train: 100%|█████████████████████| 4620/4620 [08:09<00:00,  9.43it/s]
[Epoch 38/50] train_loss=0.8276  val_loss=0.8583  val_acc=0.6805  test_acc=0.6758  (543.6s)
[Epoch 39] train: 100%|█████████████████████| 4620/4620 [08:04<00:00,  9.53it/s]
[Epoch 39/50] train_loss=0.8119  val_loss=0.8250  val_acc=0.6865  test_acc=0.6761  (540.0s)
→ New best model saved (val_loss=0.8250)

[Epoch 40] train: 100%|█████████████████████| 4620/4620 [08:00<00:00,  9.61it/s]
[Epoch 40/50] train_loss=0.7961  val_loss=0.8153  val_acc=0.6958  test_acc=0.6964  (535.0s)
→ New best model saved (val_loss=0.8153)

[Epoch 41] train: 100%|█████████████████████| 4620/4620 [08:18<00:00,  9.27it/s]
[Epoch 41/50] train_loss=0.7846  val_loss=0.7935  val_acc=0.6984  test_acc=0.6988  (553.1s)
→ New best model saved (val_loss=0.7935)

[Epoch 42] train: 100%|█████████████████████| 4620/4620 [08:54<00:00,  8.65it/s]
[Epoch 42/50] train_loss=0.7692  val_loss=0.8015  val_acc=0.7012  test_acc=0.7005  (592.3s)
[Epoch 43] train: 100%|█████████████████████| 4620/4620 [07:15<00:00, 10.60it/s]
[Epoch 43/50] train_loss=0.7504  val_loss=0.7778  val_acc=0.7145  test_acc=0.7005  (490.6s)
→ New best model saved (val_loss=0.7778)

[Epoch 44] train: 100%|█████████████████████| 4620/4620 [08:45<00:00,  8.78it/s]
[Epoch 44/50] train_loss=0.7422  val_loss=0.7789  val_acc=0.7113  test_acc=0.7077  (581.4s)
[Epoch 45] train: 100%|█████████████████████| 4620/4620 [08:41<00:00,  8.87it/s]
[Epoch 45/50] train_loss=0.7240  val_loss=0.7906  val_acc=0.7008  test_acc=0.7120  (576.7s)
[Epoch 46] train: 100%|█████████████████████| 4620/4620 [08:03<00:00,  9.55it/s]
[Epoch 46/50] train_loss=0.7081  val_loss=0.7551  val_acc=0.7179  test_acc=0.7233  (540.0s)
→ New best model saved (val_loss=0.7551)

[Epoch 47] train: 100%|█████████████████████| 4620/4620 [07:54<00:00,  9.73it/s]
[Epoch 47/50] train_loss=0.6961  val_loss=0.7205  val_acc=0.7320  test_acc=0.7348  (530.0s)
→ New best model saved (val_loss=0.7205)

[Epoch 48] train: 100%|█████████████████████| 4620/4620 [07:53<00:00,  9.76it/s]
[Epoch 48/50] train_loss=0.6785  val_loss=0.7586  val_acc=0.7235  test_acc=0.7245  (529.3s)
[Epoch 49] train: 100%|█████████████████████| 4620/4620 [07:45<00:00,  9.92it/s]
[Epoch 49/50] train_loss=0.6603  val_loss=0.7303  val_acc=0.7288  test_acc=0.7268  (519.6s)
[Epoch 50] train: 100%|█████████████████████| 4620/4620 [07:57<00:00,  9.68it/s]
[Epoch 50/50] train_loss=0.6504  val_loss=0.7187  val_acc=0.7355  test_acc=0.7344  (533.2s)
→ New best model saved (val_loss=0.7187)